<?xml version="1.0" encoding="UTF-8"?>
<!-- Generated by org.testng.reporters.JUnitReportReporter -->
<testsuite hostname="Guddu" failures="0" tests="1" name="assesment.TestngMavenAssesment" time="4.916" errors="0" timestamp="05 Dec 2024 16:18:56 GMT" skipped="0">
  <testcase classname="assesment.TestngMavenAssesment" name="postalRedirection" time="4.916"/>
</testsuite> <!-- assesment.TestngMavenAssesment -->
